<?xml version="1.0" encoding="UTF-8"?>
<!-- Generated by org.testng.reporters.JUnitReportReporter -->
<testsuite skipped="0" hostname="suresh" name="M2_Prjcts.Mvnn.ExtentReports_demo" tests="1" failures="0" timestamp="26 Jul 2020 07:53:15 GMT" time="16.266" errors="0">
  <testcase name="ExtentDemo" time="16.266" classname="M2_Prjcts.Mvnn.ExtentReports_demo"/>
</testsuite> <!-- M2_Prjcts.Mvnn.ExtentReports_demo -->
